0 info it worked if it ends with ok
1 verbose cli [ '/home/cabox/.nvm/versions/node/v5.2.0/bin/node',
1 verbose cli   '/home/cabox/.nvm/versions/node/v5.2.0/bin/npm',
1 verbose cli   'run-script',
1 verbose cli   'watch-mac' ]
2 info using npm@3.5.1
3 info using node@v5.2.0
4 verbose run-script [ 'prewatch-mac', 'watch-mac', 'postwatch-mac' ]
5 info lifecycle Malice@0.1.0~prewatch-mac: Malice@0.1.0
6 silly lifecycle Malice@0.1.0~prewatch-mac: no script for prewatch-mac, continuing
7 info lifecycle Malice@0.1.0~watch-mac: Malice@0.1.0
8 verbose lifecycle Malice@0.1.0~watch-mac: unsafe-perm in lifecycle true
9 verbose lifecycle Malice@0.1.0~watch-mac: PATH: /home/cabox/.nvm/versions/node/v5.2.0/lib/node_modules/npm/bin/node-gyp-bin:/home/cabox/workspace/node_modules/.bin:/home/cabox/.nvm/versions/node/v5.2.0/bin:/usr/local/sbin:/usr/local/bin:/usr/sbin:/usr/bin:/sbin:/bin:/usr/games
10 verbose lifecycle Malice@0.1.0~watch-mac: CWD: /home/cabox/workspace
11 silly lifecycle Malice@0.1.0~watch-mac: Args: [ '-c', '(coffee --compile --output dist --watch src)' ]
12 silly lifecycle Malice@0.1.0~watch-mac: Returned: code: 143  signal: null
13 info lifecycle Malice@0.1.0~watch-mac: Failed to exec watch-mac script
14 verbose stack Error: Malice@0.1.0 watch-mac: `(coffee --compile --output dist --watch src)`
14 verbose stack Exit status 143
14 verbose stack     at EventEmitter.<anonymous> (/home/cabox/.nvm/versions/node/v5.2.0/lib/node_modules/npm/lib/utils/lifecycle.js:232:16)
14 verbose stack     at emitTwo (events.js:88:13)
14 verbose stack     at EventEmitter.emit (events.js:173:7)
14 verbose stack     at ChildProcess.<anonymous> (/home/cabox/.nvm/versions/node/v5.2.0/lib/node_modules/npm/lib/utils/spawn.js:24:14)
14 verbose stack     at emitTwo (events.js:88:13)
14 verbose stack     at ChildProcess.emit (events.js:173:7)
14 verbose stack     at maybeClose (internal/child_process.js:819:16)
14 verbose stack     at Process.ChildProcess._handle.onexit (internal/child_process.js:212:5)
15 verbose pkgid Malice@0.1.0
16 verbose cwd /home/cabox/workspace
17 error Linux 2.6.32-042stab112.15
18 error argv "/home/cabox/.nvm/versions/node/v5.2.0/bin/node" "/home/cabox/.nvm/versions/node/v5.2.0/bin/npm" "run-script" "watch-mac"
19 error node v5.2.0
20 error npm  v3.5.1
21 error code ELIFECYCLE
22 error Malice@0.1.0 watch-mac: `(coffee --compile --output dist --watch src)`
22 error Exit status 143
23 error Failed at the Malice@0.1.0 watch-mac script '(coffee --compile --output dist --watch src)'.
23 error Make sure you have the latest version of node.js and npm installed.
23 error If you do, this is most likely a problem with the Malice package,
23 error not with npm itself.
23 error Tell the author that this fails on your system:
23 error     (coffee --compile --output dist --watch src)
23 error You can get information on how to open an issue for this project with:
23 error     npm bugs Malice
23 error Or if that isn't available, you can get their info via:
23 error     npm owner ls Malice
23 error There is likely additional logging output above.
24 verbose exit [ 1, true ]
